2025-06-29 18:28:26 [INFO] Starting minecraft server version 1.6.4
2025-06-29 18:28:26 [INFO] Loading properties
2025-06-29 18:28:26 [WARNING] server.properties does not exist
2025-06-29 18:28:26 [INFO] Generating new properties file
2025-06-29 18:28:27 [INFO] Default game type: SURVIVAL
2025-06-29 18:28:27 [INFO] Generating keypair
2025-06-29 18:28:27 [INFO] Starting Minecraft server on *:25565
2025-06-29 18:28:27 [WARNING] Failed to load operators list: java.io.FileNotFoundException: .\ops.txt (The system cannot find the file specified)
2025-06-29 18:28:27 [WARNING] Failed to load white-list: java.io.FileNotFoundException: .\white-list.txt (The system cannot find the file specified)
2025-06-29 18:28:27 [INFO] Preparing level "world"
2025-06-29 18:28:27 [INFO] Preparing start region for level 0
2025-06-29 18:28:28 [INFO] Preparing spawn area: 16%
2025-06-29 18:28:29 [INFO] Preparing spawn area: 39%
2025-06-29 18:28:30 [INFO] Preparing spawn area: 63%
2025-06-29 18:28:31 [INFO] Preparing spawn area: 75%
2025-06-29 18:28:32 [INFO] Preparing spawn area: 86%
2025-06-29 18:28:33 [INFO] Done (5.935s)! For help, type "help" or "?"
2025-06-29 18:28:47 [INFO] Stopping server
2025-06-29 18:28:47 [INFO] Saving players
2025-06-29 18:28:47 [INFO] Saving worlds
2025-06-29 18:28:47 [INFO] Closing listening thread
2025-06-29 18:28:47 [INFO] Saving chunks for level 'world'/Overworld
2025-06-29 18:28:48 [INFO] Saving chunks for level 'world'/Nether
2025-06-29 18:28:48 [INFO] Saving chunks for level 'world'/The End
2025-06-29 18:28:49 [INFO] Stopping server
2025-06-29 18:30:39 [INFO] Starting minecraft server version 1.6.4
2025-06-29 18:30:40 [INFO] Loading properties
2025-06-29 18:30:40 [INFO] Default game type: SURVIVAL
2025-06-29 18:30:40 [INFO] Generating keypair
2025-06-29 18:30:41 [INFO] Starting Minecraft server on *:25565
2025-06-29 18:30:41 [WARNING] **** SERVER IS RUNNING IN OFFLINE/INSECURE MODE!
2025-06-29 18:30:41 [WARNING] The server will make no attempt to authenticate usernames. Beware.
2025-06-29 18:30:41 [WARNING] While this makes the game possible to play without internet access, it also opens up the ability for hackers to connect with any username they choose.
2025-06-29 18:30:41 [WARNING] To change this, set "online-mode" to "true" in the server.properties file.
2025-06-29 18:30:41 [INFO] Preparing level "world123"
2025-06-29 18:30:42 [INFO] Preparing start region for level 0
2025-06-29 18:30:43 [INFO] Preparing spawn area: 8%
2025-06-29 18:30:43 [INFO] Done (2.005s)! For help, type "help" or "?"
2025-06-29 18:30:43 [INFO] Stopping server
2025-06-29 18:30:43 [INFO] Saving players
2025-06-29 18:30:43 [INFO] Saving worlds
2025-06-29 18:30:43 [INFO] Saving chunks for level 'world123'/Overworld
2025-06-29 18:30:43 [INFO] Closing listening thread
2025-06-29 18:30:43 [INFO] Saving chunks for level 'world123'/Nether
2025-06-29 18:30:43 [INFO] Saving chunks for level 'world123'/The End
2025-06-29 18:30:44 [INFO] Stopping server
2025-06-29 18:30:48 [INFO] Starting minecraft server version 1.6.4
2025-06-29 18:30:49 [INFO] Loading properties
2025-06-29 18:30:49 [INFO] Default game type: SURVIVAL
2025-06-29 18:30:49 [INFO] Generating keypair
2025-06-29 18:30:49 [INFO] Starting Minecraft server on *:25565
2025-06-29 18:30:49 [WARNING] **** SERVER IS RUNNING IN OFFLINE/INSECURE MODE!
2025-06-29 18:30:49 [WARNING] The server will make no attempt to authenticate usernames. Beware.
2025-06-29 18:30:49 [WARNING] While this makes the game possible to play without internet access, it also opens up the ability for hackers to connect with any username they choose.
2025-06-29 18:30:49 [WARNING] To change this, set "online-mode" to "true" in the server.properties file.
2025-06-29 18:30:50 [INFO] Preparing level "world123"
2025-06-29 18:30:50 [INFO] Preparing start region for level 0
2025-06-29 18:30:51 [INFO] Preparing spawn area: 15%
2025-06-29 18:30:52 [INFO] Preparing spawn area: 27%
2025-06-29 18:30:53 [INFO] Preparing spawn area: 43%
2025-06-29 18:30:54 [INFO] Preparing spawn area: 58%
2025-06-29 18:30:55 [INFO] Preparing spawn area: 68%
2025-06-29 18:30:56 [INFO] Preparing spawn area: 82%
2025-06-29 18:30:57 [INFO] Preparing spawn area: 91%
2025-06-29 18:30:58 [INFO] Done (8.407s)! For help, type "help" or "?"
2025-06-29 18:31:06 [INFO] OseanBoy[/127.0.0.1:50153] logged in with entity id 1230 at (190.5, 77.0, 230.5)
2025-06-29 18:31:06 [INFO] OseanBoy joined the game
2025-06-29 18:31:17 [INFO] Opped oseanboy
2025-06-29 18:31:20 [INFO] [OseanBoy: Set own game mode to Creative Mode]
2025-06-29 18:31:56 [INFO] OseanBoy lost connection: disconnect.genericReason
2025-06-29 18:31:56 [INFO] OseanBoy left the game
2025-06-29 18:32:00 [INFO] Stopping the server
2025-06-29 18:32:00 [INFO] Stopping server
2025-06-29 18:32:00 [INFO] Saving players
2025-06-29 18:32:00 [INFO] Saving worlds
2025-06-29 18:32:00 [INFO] Saving chunks for level 'world123'/Overworld
2025-06-29 18:32:00 [INFO] Closing listening thread
2025-06-29 18:32:00 [INFO] Saving chunks for level 'world123'/Nether
2025-06-29 18:32:00 [INFO] Saving chunks for level 'world123'/The End
2025-06-29 18:32:00 [INFO] Stopping server
2025-06-29 18:32:00 [INFO] Saving players
2025-06-29 18:33:56 [INFO] Starting minecraft server version 1.6.4
2025-06-29 18:33:57 [INFO] Loading properties
2025-06-29 18:33:57 [INFO] Default game type: SURVIVAL
2025-06-29 18:33:57 [INFO] Generating keypair
2025-06-29 18:33:58 [INFO] Starting Minecraft server on *:25565
2025-06-29 18:33:58 [WARNING] **** SERVER IS RUNNING IN OFFLINE/INSECURE MODE!
2025-06-29 18:33:58 [WARNING] The server will make no attempt to authenticate usernames. Beware.
2025-06-29 18:33:58 [WARNING] While this makes the game possible to play without internet access, it also opens up the ability for hackers to connect with any username they choose.
2025-06-29 18:33:58 [WARNING] To change this, set "online-mode" to "true" in the server.properties file.
2025-06-29 18:33:58 [INFO] Preparing level "world123"
2025-06-29 18:33:58 [INFO] Preparing start region for level 0
2025-06-29 18:33:59 [INFO] Done (1.316s)! For help, type "help" or "?"
2025-06-29 18:34:22 [INFO] OseanBoy[/127.0.0.1:50168] logged in with entity id 363 at (215.68112944405937, 78.0, 209.1291140462563)
2025-06-29 18:34:22 [INFO] OseanBoy joined the game
2025-06-29 18:34:37 [INFO] OseanBoy lost connection: disconnect.genericReason
2025-06-29 18:34:37 [INFO] OseanBoy left the game
2025-06-29 18:38:00 [INFO] Starting minecraft server version 1.6.4
2025-06-29 18:38:01 [INFO] Loading properties
2025-06-29 18:38:01 [INFO] Default game type: SURVIVAL
2025-06-29 18:38:01 [INFO] Generating keypair
2025-06-29 18:38:01 [INFO] Starting Minecraft server on *:25565
2025-06-29 18:38:01 [WARNING] **** SERVER IS RUNNING IN OFFLINE/INSECURE MODE!
2025-06-29 18:38:01 [WARNING] The server will make no attempt to authenticate usernames. Beware.
2025-06-29 18:38:01 [WARNING] While this makes the game possible to play without internet access, it also opens up the ability for hackers to connect with any username they choose.
2025-06-29 18:38:01 [WARNING] To change this, set "online-mode" to "true" in the server.properties file.
2025-06-29 18:38:02 [INFO] Preparing level "world123"
2025-06-29 18:38:02 [INFO] Preparing start region for level 0
2025-06-29 18:38:03 [INFO] Done (1.291s)! For help, type "help" or "?"
2025-06-29 18:38:11 [INFO] OseanBoy[/127.0.0.1:50222] logged in with entity id 361 at (217.12705586382694, 78.0, 211.6504781046837)
2025-06-29 18:38:12 [INFO] OseanBoy joined the game
2025-06-29 18:38:48 [INFO] OseanBoy lost connection: disconnect.genericReason
2025-06-29 18:38:48 [INFO] OseanBoy left the game
2025-06-29 20:42:26 [INFO] Starting minecraft server version 1.6.4
2025-06-29 20:42:27 [INFO] Loading properties
2025-06-29 20:42:27 [INFO] Default game type: SURVIVAL
2025-06-29 20:42:27 [INFO] Generating keypair
2025-06-29 20:42:28 [INFO] Starting Minecraft server on 25.56.43.189:25565
2025-06-29 20:42:28 [WARNING] **** SERVER IS RUNNING IN OFFLINE/INSECURE MODE!
2025-06-29 20:42:28 [WARNING] The server will make no attempt to authenticate usernames. Beware.
2025-06-29 20:42:28 [WARNING] While this makes the game possible to play without internet access, it also opens up the ability for hackers to connect with any username they choose.
2025-06-29 20:42:28 [WARNING] To change this, set "online-mode" to "true" in the server.properties file.
2025-06-29 20:42:28 [SEVERE] Encountered an unexpected exception NullPointerException
java.lang.NullPointerException
	at chocolate.mods.BD.BetterDungeons.load(BetterDungeons.java:317)
	at sun.reflect.NativeMethodAccessorImpl.invoke0(Native Method)
	at sun.reflect.NativeMethodAccessorImpl.invoke(Unknown Source)
	at sun.reflect.DelegatingMethodAccessorImpl.invoke(Unknown Source)
	at java.lang.reflect.Method.invoke(Unknown Source)
	at cpw.mods.fml.common.FMLModContainer.handleModStateEvent(FMLModContainer.java:545)
	at sun.reflect.GeneratedMethodAccessor4.invoke(Unknown Source)
	at sun.reflect.DelegatingMethodAccessorImpl.invoke(Unknown Source)
	at java.lang.reflect.Method.invoke(Unknown Source)
	at com.google.common.eventbus.EventHandler.handleEvent(EventHandler.java:74)
	at com.google.common.eventbus.SynchronizedEventHandler.handleEvent(SynchronizedEventHandler.java:45)
	at com.google.common.eventbus.EventBus.dispatch(EventBus.java:313)
	at com.google.common.eventbus.EventBus.dispatchQueuedEvents(EventBus.java:296)
	at com.google.common.eventbus.EventBus.post(EventBus.java:267)
	at cpw.mods.fml.common.LoadController.sendEventToModContainer(LoadController.java:201)
	at cpw.mods.fml.common.LoadController.propogateStateMessage(LoadController.java:181)
	at sun.reflect.NativeMethodAccessorImpl.invoke0(Native Method)
	at sun.reflect.NativeMethodAccessorImpl.invoke(Unknown Source)
	at sun.reflect.DelegatingMethodAccessorImpl.invoke(Unknown Source)
	at java.lang.reflect.Method.invoke(Unknown Source)
	at com.google.common.eventbus.EventHandler.handleEvent(EventHandler.java:74)
	at com.google.common.eventbus.SynchronizedEventHandler.handleEvent(SynchronizedEventHandler.java:45)
	at com.google.common.eventbus.EventBus.dispatch(EventBus.java:313)
	at com.google.common.eventbus.EventBus.dispatchQueuedEvents(EventBus.java:296)
	at com.google.common.eventbus.EventBus.post(EventBus.java:267)
	at cpw.mods.fml.common.LoadController.distributeStateMessage(LoadController.java:112)
	at cpw.mods.fml.common.Loader.initializeMods(Loader.java:699)
	at cpw.mods.fml.server.FMLServerHandler.finishServerLoading(FMLServerHandler.java:107)
	at cpw.mods.fml.common.FMLCommonHandler.onServerStarted(FMLCommonHandler.java:355)
	at net.minecraft.server.dedicated.DedicatedServer.func_71197_b(DedicatedServer.java:142)
	at net.minecraft.server.MinecraftServer.run(MinecraftServer.java:445)
	at net.minecraft.server.ThreadMinecraftServer.run(SourceFile:583)
2025-06-29 20:42:28 [SEVERE] This crash report has been saved to: G:\_Persona\Sean\Documents\mc_n_frends\versions\1.6.4_mod\server\.\crash-reports\crash-2025-06-29_20.42.28-server.txt
2025-06-29 20:43:42 [INFO] Stopping server
2025-06-29 20:43:42 [INFO] Saving worlds
2025-06-29 20:43:42 [INFO] Closing listening thread
2025-06-29 20:43:42 [INFO] Stopping server
2025-06-29 20:43:42 [INFO] Saving worlds
